c:\users\xqzlgy\documents\visual studio 2010\projects\opengl3d\opengl3d\debug\camera.obj
c:\users\xqzlgy\documents\visual studio 2010\projects\opengl3d\opengl3d\debug\cbmploader.obj
c:\users\xqzlgy\documents\visual studio 2010\projects\opengl3d\opengl3d\debug\house.obj
c:\users\xqzlgy\documents\visual studio 2010\projects\opengl3d\opengl3d\debug\main.obj
c:\users\xqzlgy\documents\visual studio 2010\projects\opengl3d\opengl3d\debug\skybox.obj
c:\users\xqzlgy\documents\visual studio 2010\projects\opengl3d\opengl3d\debug\vector.obj
c:\users\xqzlgy\documents\visual studio 2010\projects\opengl3d\opengl3d\debug\vc100.pdb
c:\users\xqzlgy\documents\visual studio 2010\projects\opengl3d\debug\opengl3d.ilk
c:\users\xqzlgy\documents\visual studio 2010\projects\opengl3d\debug\opengl3d.exe
c:\users\xqzlgy\documents\visual studio 2010\projects\opengl3d\opengl3d\debug\opengl3d.exe.intermediate.manifest
c:\users\xqzlgy\documents\visual studio 2010\projects\opengl3d\debug\opengl3d.pdb
c:\users\xqzlgy\documents\visual studio 2010\projects\opengl3d\opengl3d\debug\opengl3d.exe.embed.manifest
c:\users\xqzlgy\documents\visual studio 2010\projects\opengl3d\opengl3d\debug\opengl3d.exe.embed.manifest.res
g:\opengl3d\opengl3d\debug\vc140.pdb
g:\opengl3d\opengl3d\debug\vc140.idb
g:\opengl3d\opengl3d\debug\camera.obj
g:\opengl3d\opengl3d\debug\cbmploader.obj
g:\opengl3d\opengl3d\debug\house.obj
g:\opengl3d\opengl3d\debug\main.obj
g:\opengl3d\opengl3d\debug\skybox.obj
g:\opengl3d\opengl3d\debug\vector.obj
g:\opengl3d\opengl3d\debug\opengl3d.vcxprojresolveassemblyreference.cache
g:\opengl3d\opengl3d\debug\cl.command.1.tlog
g:\opengl3d\opengl3d\debug\cl.read.1.tlog
g:\opengl3d\opengl3d\debug\cl.write.1.tlog
g:\opengl3d\opengl3d\debug\link-cvtres.read.1.tlog
g:\opengl3d\opengl3d\debug\link-cvtres.write.1.tlog
g:\opengl3d\opengl3d\debug\link.13808-cvtres.read.1.tlog
g:\opengl3d\opengl3d\debug\link.13808-cvtres.write.1.tlog
g:\opengl3d\opengl3d\debug\link.13808.read.1.tlog
g:\opengl3d\opengl3d\debug\link.13808.write.1.tlog
g:\opengl3d\opengl3d\debug\link.16048-cvtres.read.1.tlog
g:\opengl3d\opengl3d\debug\link.16048-cvtres.write.1.tlog
g:\opengl3d\opengl3d\debug\link.16048.read.1.tlog
g:\opengl3d\opengl3d\debug\link.16048.write.1.tlog
g:\opengl3d\opengl3d\debug\link.16648-cvtres.read.1.tlog
g:\opengl3d\opengl3d\debug\link.16648-cvtres.write.1.tlog
g:\opengl3d\opengl3d\debug\link.16648.read.1.tlog
g:\opengl3d\opengl3d\debug\link.16648.write.1.tlog
g:\opengl3d\opengl3d\debug\link.752-cvtres.read.1.tlog
g:\opengl3d\opengl3d\debug\link.752-cvtres.write.1.tlog
g:\opengl3d\opengl3d\debug\link.752.read.1.tlog
g:\opengl3d\opengl3d\debug\link.752.write.1.tlog
g:\opengl3d\opengl3d\debug\link.8440-cvtres.read.1.tlog
g:\opengl3d\opengl3d\debug\link.8440-cvtres.write.1.tlog
g:\opengl3d\opengl3d\debug\link.8440.read.1.tlog
g:\opengl3d\opengl3d\debug\link.8440.write.1.tlog
g:\opengl3d\opengl3d\debug\link.9172-cvtres.read.1.tlog
g:\opengl3d\opengl3d\debug\link.9172-cvtres.write.1.tlog
g:\opengl3d\opengl3d\debug\link.9172.read.1.tlog
g:\opengl3d\opengl3d\debug\link.9172.write.1.tlog
g:\opengl3d\opengl3d\debug\link.command.1.tlog
g:\opengl3d\opengl3d\debug\link.read.1.tlog
g:\opengl3d\opengl3d\debug\link.write.1.tlog
g:\opengl3d\opengl3d\debug\mt.command.1.tlog
g:\opengl3d\opengl3d\debug\mt.read.1.tlog
g:\opengl3d\opengl3d\debug\mt.write.1.tlog
g:\opengl3d\opengl3d\debug\opengl3d.write.1.tlog
g:\opengl3d\opengl3d\debug\rc.command.1.tlog
g:\opengl3d\opengl3d\debug\rc.read.1.tlog
g:\opengl3d\opengl3d\debug\rc.write.1.tlog
g:\opengl3d\opengl3d\debug\opengl3d.exe.embed.manifest
g:\opengl3d\opengl3d\debug\opengl3d.exe.intermediate.manifest
g:\opengl3d\opengl3d\debug\opengl3d.exe.embed.manifest.res
g:\opengl3d\opengl3d\debug\vc100.idb
g:\opengl3d\opengl3d\debug\vc100.pdb
g:\opengl3d\opengl3d\debug\opengl3d_manifest.rc
g:\opengl3d\debug\opengl3d.pdb
g:\opengl3d\opengl3d\debug\opengl3d.tlog\cl.read.1.tlog
g:\opengl3d\opengl3d\debug\opengl3d.tlog\cl.write.1.tlog
g:\opengl3d\opengl3d\debug\opengl3d.tlog\cl.command.1.tlog
g:\opengl3d\opengl3d\debug\opengl3d.tlog\link-rc.read.1.tlog
g:\opengl3d\opengl3d\debug\opengl3d.tlog\link-rc.write.1.tlog
g:\opengl3d\opengl3d\debug\opengl3d.tlog\link-cvtres.read.1.tlog
g:\opengl3d\opengl3d\debug\opengl3d.tlog\link-cvtres.write.1.tlog
g:\opengl3d\opengl3d\debug\opengl3d.tlog\link.read.1.tlog
g:\opengl3d\opengl3d\debug\opengl3d.tlog\link.write.1.tlog
g:\opengl3d\opengl3d\debug\opengl3d.tlog\link.command.1.tlog
